<?xml version="1.0" encoding="UTF-8"?>
<!-- Generated by org.testng.reporters.JUnitXMLReporter -->
<testsuite ignored="0" hostname="USE2DEVP0672" failures="0" tests="7" name="Default test" time="85.41" errors="0" timestamp="2020-11-07T12:58:46 IST">
  <testcase classname="pkg_OWM.Workflow_Browser.Dyanamic_Serial_Workflow.Dynamic_Serial_Actions" name="IntiliaseDriver" time="5.553"/>
  <testcase classname="pkg_OWM.Workflow_Browser.Dyanamic_Serial_Workflow.Dynamic_Serial_Actions" name="LoginPageNavigation" time="20.062"/>
  <testcase classname="pkg_OWM.Workflow_Browser.Dyanamic_Serial_Workflow.Dynamic_Serial_Actions" name="ClickApplications" time="3.37"/>
  <testcase classname="pkg_OWM.Workflow_Browser.Dyanamic_Serial_Workflow.Dynamic_Serial_Actions" name="NavigatetoTabs" time="5.219"/>
  <testcase classname="pkg_OWM.Workflow_Browser.Dyanamic_Serial_Workflow.Dynamic_Serial_Actions" name="NewFolderCreation" time="29.662"/>
  <testcase classname="pkg_OWM.Workflow_Browser.Dyanamic_Serial_Workflow.Dynamic_Serial_Actions" name="searchWorkflow" time="8.045"/>
  <testcase classname="pkg_OWM.Workflow_Browser.Dyanamic_Serial_Workflow.Dynamic_Serial_Actions" name="WebTable" time="12.728"/>
</testsuite> <!-- Default test -->
