<?xml version="1.0" encoding="UTF-8"?>
<!-- Generated by org.testng.reporters.JUnitXMLReporter -->
<testsuite ignored="0" hostname="USE2DEVP0672" failures="0" tests="7" name="Default test" time="113.636" errors="0" timestamp="2020-11-09T09:38:55 IST">
  <testcase classname="pkg_OWM.Workflow_Browser.Dyanamic_Serial_Workflow.Dynamic_Serial_Actions" name="IntiliaseDriver" time="4.758"/>
  <testcase classname="pkg_OWM.Workflow_Browser.Dyanamic_Serial_Workflow.Dynamic_Serial_Actions" name="LoginPageNavigation" time="47.702"/>
  <testcase classname="pkg_OWM.Workflow_Browser.Dyanamic_Serial_Workflow.Dynamic_Serial_Actions" name="ClickApplications" time="3.345"/>
  <testcase classname="pkg_OWM.Workflow_Browser.Dyanamic_Serial_Workflow.Dynamic_Serial_Actions" name="NavigatetoTabs" time="6.585"/>
  <testcase classname="pkg_OWM.Workflow_Browser.Dyanamic_Serial_Workflow.Dynamic_Serial_Actions" name="NewFolderCreation" time="30.143"/>
  <testcase classname="pkg_OWM.Workflow_Browser.Dyanamic_Serial_Workflow.Dynamic_Serial_Actions" name="searchWorkflow" time="7.583"/>
  <testcase classname="pkg_OWM.Workflow_Browser.Dyanamic_Serial_Workflow.Dynamic_Serial_Actions" name="WebTable" time="12.712"/>
</testsuite> <!-- Default test -->
