<?xml version="1.0" encoding="UTF-8"?>
<testng-results ignored="0" total="7" passed="7" failed="0" skipped="0">
  <reporter-output>
  </reporter-output>
  <suite started-at="2020-11-09T09:37:01 IST" name="Default suite" finished-at="2020-11-09T09:38:55 IST" duration-ms="113636">
    <groups>
    </groups>
    <test started-at="2020-11-09T09:37:01 IST" name="Default test" finished-at="2020-11-09T09:38:55 IST" duration-ms="113636">
      <class name="pkg_OWM.Workflow_Browser.Dyanamic_Serial_Workflow.Dynamic_Serial_Actions">
        <test-method is-config="true" signature="startTest()[pri:0, instance:pkg_OWM.Workflow_Browser.Dyanamic_Serial_Workflow.Dynamic_Serial_Actions@1f3f4916]" started-at="2020-11-09T09:37:01 IST" name="startTest" finished-at="2020-11-09T09:37:01 IST" duration-ms="187" status="PASS">
          <reporter-output>
          </reporter-output>
        </test-method> <!-- startTest -->
        <test-method signature="IntiliaseDriver()[pri:0, instance:pkg_OWM.Workflow_Browser.Dyanamic_Serial_Workflow.Dynamic_Serial_Actions@1f3f4916]" started-at="2020-11-09T09:37:01 IST" name="IntiliaseDriver" finished-at="2020-11-09T09:37:06 IST" duration-ms="4758" status="PASS">
          <reporter-output>
          </reporter-output>
        </test-method> <!-- IntiliaseDriver -->
        <test-method signature="LoginPageNavigation()[pri:0, instance:pkg_OWM.Workflow_Browser.Dyanamic_Serial_Workflow.Dynamic_Serial_Actions@1f3f4916]" started-at="2020-11-09T09:37:06 IST" name="LoginPageNavigation" finished-at="2020-11-09T09:37:54 IST" depends-on-methods="pkg_OWM.Workflow_Browser.Dyanamic_Serial_Workflow.Dynamic_Serial_Actions.IntiliaseDriver" duration-ms="47702" status="PASS">
          <reporter-output>
          </reporter-output>
        </test-method> <!-- LoginPageNavigation -->
        <test-method signature="ClickApplications()[pri:0, instance:pkg_OWM.Workflow_Browser.Dyanamic_Serial_Workflow.Dynamic_Serial_Actions@1f3f4916]" started-at="2020-11-09T09:37:54 IST" name="ClickApplications" finished-at="2020-11-09T09:37:57 IST" depends-on-methods="pkg_OWM.Workflow_Browser.Dyanamic_Serial_Workflow.Dynamic_Serial_Actions.LoginPageNavigation" duration-ms="3345" status="PASS">
          <reporter-output>
          </reporter-output>
        </test-method> <!-- ClickApplications -->
        <test-method signature="NavigatetoTabs()[pri:0, instance:pkg_OWM.Workflow_Browser.Dyanamic_Serial_Workflow.Dynamic_Serial_Actions@1f3f4916]" started-at="2020-11-09T09:37:57 IST" name="NavigatetoTabs" finished-at="2020-11-09T09:38:04 IST" depends-on-methods="pkg_OWM.Workflow_Browser.Dyanamic_Serial_Workflow.Dynamic_Serial_Actions.ClickApplications" duration-ms="6585" status="PASS">
          <reporter-output>
          </reporter-output>
        </test-method> <!-- NavigatetoTabs -->
        <test-method signature="NewFolderCreation()[pri:0, instance:pkg_OWM.Workflow_Browser.Dyanamic_Serial_Workflow.Dynamic_Serial_Actions@1f3f4916]" started-at="2020-11-09T09:38:04 IST" name="NewFolderCreation" finished-at="2020-11-09T09:38:34 IST" depends-on-methods="pkg_OWM.Workflow_Browser.Dyanamic_Serial_Workflow.Dynamic_Serial_Actions.NavigatetoTabs" duration-ms="30143" status="PASS">
          <reporter-output>
          </reporter-output>
        </test-method> <!-- NewFolderCreation -->
        <test-method signature="searchWorkflow()[pri:0, instance:pkg_OWM.Workflow_Browser.Dyanamic_Serial_Workflow.Dynamic_Serial_Actions@1f3f4916]" started-at="2020-11-09T09:38:34 IST" name="searchWorkflow" finished-at="2020-11-09T09:38:41 IST" depends-on-methods="pkg_OWM.Workflow_Browser.Dyanamic_Serial_Workflow.Dynamic_Serial_Actions.NewFolderCreation" duration-ms="7583" status="PASS">
          <reporter-output>
          </reporter-output>
        </test-method> <!-- searchWorkflow -->
        <test-method signature="WebTable()[pri:0, instance:pkg_OWM.Workflow_Browser.Dyanamic_Serial_Workflow.Dynamic_Serial_Actions@1f3f4916]" started-at="2020-11-09T09:38:41 IST" name="WebTable" finished-at="2020-11-09T09:38:54 IST" depends-on-methods="pkg_OWM.Workflow_Browser.Dyanamic_Serial_Workflow.Dynamic_Serial_Actions.searchWorkflow" duration-ms="12712" status="PASS">
          <reporter-output>
          </reporter-output>
        </test-method> <!-- WebTable -->
        <test-method is-config="true" signature="logOff()[pri:0, instance:pkg_OWM.Workflow_Browser.Dyanamic_Serial_Workflow.Dynamic_Serial_Actions@1f3f4916]" started-at="2020-11-09T09:38:54 IST" name="logOff" finished-at="2020-11-09T09:38:55 IST" duration-ms="572" status="PASS">
          <reporter-output>
          </reporter-output>
        </test-method> <!-- logOff -->
      </class> <!-- pkg_OWM.Workflow_Browser.Dyanamic_Serial_Workflow.Dynamic_Serial_Actions -->
    </test> <!-- Default test -->
  </suite> <!-- Default suite -->
</testng-results>
